Using pre-set license
Built from '2022.3/staging' branch; Version is '2022.3.8f1 (b5eafc012955) revision 11922172'; Using compiler version '192829333'; Build Type 'Release'
OS: 'Windows 11  (10.0.22621) 64bit Core' Language: 'en' Physical Memory: 16197 MB
BatchMode: 1, IsHumanControllingUs: 0, StartBugReporterOnCrash: 0, Is64bit: 1, IsPro: 1

COMMAND LINE ARGUMENTS:
C:\Program Files\Unity\Hub\Editor\2022.3.8f1\Editor\Unity.exe
-adb2
-batchMode
-noUpm
-name
AssetImportWorker5
-projectPath
C:/Users/tdrob/OneDrive/Desktop/Final/Robbins-3258-Final/Robbins-3258-Final
-logFile
Logs/AssetImportWorker5.log
-srvPort
63654
Successfully changed project path to: C:/Users/tdrob/OneDrive/Desktop/Final/Robbins-3258-Final/Robbins-3258-Final
C:/Users/tdrob/OneDrive/Desktop/Final/Robbins-3258-Final/Robbins-3258-Final
[UnityMemory] Configuration Parameters - Can be set up in boot.config
    "memorysetup-bucket-allocator-granularity=16"
    "memorysetup-bucket-allocator-bucket-count=8"
    "memorysetup-bucket-allocator-block-size=33554432"
    "memorysetup-bucket-allocator-block-count=8"
    "memorysetup-main-allocator-block-size=16777216"
    "memorysetup-thread-allocator-block-size=16777216"
    "memorysetup-gfx-main-allocator-block-size=16777216"
    "memorysetup-gfx-thread-allocator-block-size=16777216"
    "memorysetup-cache-allocator-block-size=4194304"
    "memorysetup-typetree-allocator-block-size=2097152"
    "memorysetup-profiler-bucket-allocator-granularity=16"
    "memorysetup-profiler-bucket-allocator-bucket-count=8"
    "memorysetup-profiler-bucket-allocator-block-size=33554432"
    "memorysetup-profiler-bucket-allocator-block-count=8"
    "memorysetup-profiler-allocator-block-size=16777216"
    "memorysetup-profiler-editor-allocator-block-size=1048576"
    "memorysetup-temp-allocator-size-main=16777216"
    "memorysetup-job-temp-allocator-block-size=2097152"
    "memorysetup-job-temp-allocator-block-size-background=1048576"
    "memorysetup-job-temp-allocator-reduction-small-platforms=262144"
    "memorysetup-allocator-temp-initial-block-size-main=262144"
    "memorysetup-allocator-temp-initial-block-size-worker=262144"
    "memorysetup-temp-allocator-size-background-worker=32768"
    "memorysetup-temp-allocator-size-job-worker=262144"
    "memorysetup-temp-allocator-size-preload-manager=33554432"
    "memorysetup-temp-allocator-size-nav-mesh-worker=65536"
    "memorysetup-temp-allocator-size-audio-worker=65536"
    "memorysetup-temp-allocator-size-cloud-worker=32768"
    "memorysetup-temp-allocator-size-gi-baking-worker=262144"
    "memorysetup-temp-allocator-size-gfx=262144"
Player connection [13208] Host "[IP] 10.20.69.219 [Port] 0 [Flags] 2 [Guid] 1062776525 [EditorId] 1062776525 [Version] 1048832 [Id] WindowsEditor(7,DESKTOP-5FQVVIP) [Debug] 1 [PackageName] WindowsEditor [ProjectName] Editor" joined multi-casting on [225.0.0.222:54997]...

Player connection [13208] Host "[IP] 10.20.69.219 [Port] 0 [Flags] 2 [Guid] 1062776525 [EditorId] 1062776525 [Version] 1048832 [Id] WindowsEditor(7,DESKTOP-5FQVVIP) [Debug] 1 [PackageName] WindowsEditor [ProjectName] Editor" joined alternative multi-casting on [225.0.0.222:34997]...

[Physics::Module] Initialized MultithreadedJobDispatcher with 19 workers.
Refreshing native plugins compatible for Editor in 17.10 ms, found 3 plugins.
Preloading 0 native plugins for Editor in 0.00 ms.
Initialize engine version: 2022.3.8f1 (b5eafc012955)
[Subsystems] Discovering subsystems at path C:/Program Files/Unity/Hub/Editor/2022.3.8f1/Editor/Data/Resources/UnitySubsystems
[Subsystems] Discovering subsystems at path C:/Users/tdrob/OneDrive/Desktop/Final/Robbins-3258-Final/Robbins-3258-Final/Assets
GfxDevice: creating device client; threaded=0; jobified=0
Direct3D:
    Version:  Direct3D 11.0 [level 11.1]
    Renderer: NVIDIA GeForce RTX 3070 (ID=0x2488)
    Vendor:   NVIDIA
    VRAM:     8032 MB
    Driver:   31.0.15.4601
Initialize mono
Mono path[0] = 'C:/Program Files/Unity/Hub/Editor/2022.3.8f1/Editor/Data/Managed'
Mono path[1] = 'C:/Program Files/Unity/Hub/Editor/2022.3.8f1/Editor/Data/MonoBleedingEdge/lib/mono/unityjit-win32'
Mono config path = 'C:/Program Files/Unity/Hub/Editor/2022.3.8f1/Editor/Data/MonoBleedingEdge/etc'
Using monoOptions --debugger-agent=transport=dt_socket,embedding=1,server=y,suspend=n,address=127.0.0.1:56704
Begin MonoManager ReloadAssembly
Registering precompiled unity dll's ...
Register platform support module: C:/Program Files/Unity/Hub/Editor/2022.3.8f1/Editor/Data/PlaybackEngines/WindowsStandaloneSupport/UnityEditor.WindowsStandalone.Extensions.dll
Registered in 0.004666 seconds.
- Loaded All Assemblies, in  0.250 seconds
Native extension for WindowsStandalone target not found
Mono: successfully reloaded assembly
- Finished resetting the current domain, in  0.159 seconds
Domain Reload Profiling: 408ms
	BeginReloadAssembly (104ms)
		ExecutionOrderSort (0ms)
		DisableScriptedObjects (0ms)
		BackupInstance (0ms)
		ReleaseScriptingObjects (0ms)
		CreateAndSetChildDomain (1ms)
	RebuildCommonClasses (21ms)
	RebuildNativeTypeToScriptingClass (6ms)
	initialDomainReloadingComplete (35ms)
	LoadAllAssembliesAndSetupDomain (82ms)
		LoadAssemblies (102ms)
		RebuildTransferFunctionScriptingTraits (0ms)
		AnalyzeDomain (81ms)
			TypeCache.Refresh (80ms)
				TypeCache.ScanAssembly (71ms)
			ScanForSourceGeneratedMonoScriptInfo (0ms)
			ResolveRequiredComponents (0ms)
	FinalizeReload (159ms)
		ReleaseScriptCaches (0ms)
		RebuildScriptCaches (0ms)
		SetupLoadedEditorAssemblies (121ms)
			LogAssemblyErrors (0ms)
			InitializePlatformSupportModulesInManaged (6ms)
			SetLoadedEditorAssemblies (5ms)
			RefreshPlugins (0ms)
			BeforeProcessingInitializeOnLoad (2ms)
			ProcessInitializeOnLoadAttributes (77ms)
			ProcessInitializeOnLoadMethodAttributes (31ms)
			AfterProcessingInitializeOnLoad (0ms)
			EditorAssembliesLoaded (0ms)
		ExecutionOrderSort2 (0ms)
		AwakeInstancesAfterBackupRestoration (0ms)
========================================================================
Worker process is ready to serve import requests
Begin MonoManager ReloadAssembly
- Loaded All Assemblies, in  0.436 seconds
Refreshing native plugins compatible for Editor in 2.06 ms, found 3 plugins.
Native extension for WindowsStandalone target not found
Package Manager log level set to [2]
[Package Manager] Server::EnsureServerProcessIsRunning -- launch failed, reason: Unity was launched with the -noUpm command-line argument
[Package Manager] UpmClient::Send -- Unable to send message (not connected to UPM process).
[Package Manager] Cannot connect to Unity Package Manager local server
Mono: successfully reloaded assembly
- Finished resetting the current domain, in  0.389 seconds
Domain Reload Profiling: 824ms
	BeginReloadAssembly (88ms)
		ExecutionOrderSort (0ms)
		DisableScriptedObjects (4ms)
		BackupInstance (0ms)
		ReleaseScriptingObjects (0ms)
		CreateAndSetChildDomain (13ms)
	RebuildCommonClasses (19ms)
	RebuildNativeTypeToScriptingClass (6ms)
	initialDomainReloadingComplete (25ms)
	LoadAllAssembliesAndSetupDomain (297ms)
		LoadAssemblies (248ms)
		RebuildTransferFunctionScriptingTraits (0ms)
		AnalyzeDomain (100ms)
			TypeCache.Refresh (88ms)
				TypeCache.ScanAssembly (79ms)
			ScanForSourceGeneratedMonoScriptInfo (9ms)
			ResolveRequiredComponents (2ms)
	FinalizeReload (390ms)
		ReleaseScriptCaches (0ms)
		RebuildScriptCaches (0ms)
		SetupLoadedEditorAssemblies (302ms)
			LogAssemblyErrors (0ms)
			InitializePlatformSupportModulesInManaged (4ms)
			SetLoadedEditorAssemblies (4ms)
			RefreshPlugins (0ms)
			BeforeProcessingInitializeOnLoad (57ms)
			ProcessInitializeOnLoadAttributes (222ms)
			ProcessInitializeOnLoadMethodAttributes (11ms)
			AfterProcessingInitializeOnLoad (4ms)
			EditorAssembliesLoaded (0ms)
		ExecutionOrderSort2 (0ms)
		AwakeInstancesAfterBackupRestoration (4ms)
Launched and connected shader compiler UnityShaderCompiler.exe after 0.03 seconds
Refreshing native plugins compatible for Editor in 1.51 ms, found 3 plugins.
Preloading 0 native plugins for Editor in 0.00 ms.
Unloading 3071 Unused Serialized files (Serialized files now loaded: 0)
Unloading 31 unused Assets / (56.3 KB). Loaded Objects now: 3533.
Memory consumption went from 116.9 MB to 116.9 MB.
Total: 1.863200 ms (FindLiveObjects: 0.138600 ms CreateObjectMapping: 0.064400 ms MarkObjects: 1.597400 ms  DeleteObjects: 0.062200 ms)

AssetImportParameters requested are different than current active one (requested -> active):
  custom:container-demuxer-ogg: 62fdf1f143b41e24485cea50d1cbac27 -> 
  custom:video-decoder-ogg-theora: a1e56fd34408186e4bbccfd4996cb3dc -> 
  custom:framework-win-MediaFoundation: 216162199b28c13a410421893ffa2e32 -> 
  custom:CustomObjectIndexerAttribute: 756ad292c208cfabdd7b50bc23989ffe -> 
  custom:container-demuxer-webm: 4f35f7cbe854078d1ac9338744f61a02 -> 
  custom:container-muxer-webm: aa71ff27fc2769a1b78a27578f13a17b -> 
  custom:video-decoder-webm-vp8: 9c59270c3fd7afecdb556c50c9e8de78 -> 
  custom:SearchIndexIgnoredProperties: e643bd26f0fe6173181afceb89e7c659 -> 
  custom:AudioImporter_EditorPlatform: d09bf68614088b80899f8185d706f6e7 -> 
  custom:video-encoder-webm-vp8: eb34c28f22e8b96e1ab97ce403110664 -> 
  custom:audio-decoder-ogg-vorbis: bf7c407c2cedff20999df2af8eb42d56 -> 
  custom:audio-encoder-webm-vorbis: bf7c407c2cedff20999df2af8eb42d56 -> 
========================================================================
Received Import Request.
  Time since last request: 845838.501356 seconds.
  path: Assets/kenney_crosshair-pack/PNG/White/crosshair066.png
  artifactKey: Guid(f002c6139a59be24aba7495d4217c727) Importer(815301076,1909f56bfc062723c751e8b465ee728b)
Start importing Assets/kenney_crosshair-pack/PNG/White/crosshair066.png using Guid(f002c6139a59be24aba7495d4217c727) Importer(815301076,1909f56bfc062723c751e8b465ee728b)  -> (artifact id: 'de77cdcdaa30581a2ea0959f80e52a05') in 0.077016 seconds
Number of updated asset objects reloaded before import = 0
Number of asset objects unloaded after import = 2
========================================================================
Received Import Request.
  Time since last request: 0.422117 seconds.
  path: Assets/kenney_crosshair-pack/PNG/White/crosshair081.png
  artifactKey: Guid(5721258366da91f4d9dfa96e1b29319c) Importer(815301076,1909f56bfc062723c751e8b465ee728b)
Start importing Assets/kenney_crosshair-pack/PNG/White/crosshair081.png using Guid(5721258366da91f4d9dfa96e1b29319c) Importer(815301076,1909f56bfc062723c751e8b465ee728b)  -> (artifact id: '883b739afc4e29df7f164d5878b4871c') in 0.029769 seconds
Number of updated asset objects reloaded before import = 0
Number of asset objects unloaded after import = 2
========================================================================
Received Import Request.
  Time since last request: 0.000013 seconds.
  path: Assets/kenney_crosshair-pack/PNG/White/crosshair083.png
  artifactKey: Guid(29b95cd1b3003f346826cef84211c55a) Importer(815301076,1909f56bfc062723c751e8b465ee728b)
Start importing Assets/kenney_crosshair-pack/PNG/White/crosshair083.png using Guid(29b95cd1b3003f346826cef84211c55a) Importer(815301076,1909f56bfc062723c751e8b465ee728b)  -> (artifact id: 'a4b29bbe0fabaa0a88aa51b20cdde5ed') in 0.022639 seconds
Number of updated asset objects reloaded before import = 0
Number of asset objects unloaded after import = 2
========================================================================
Received Import Request.
  Time since last request: 0.000011 seconds.
  path: Assets/kenney_crosshair-pack/PNG/White/crosshair085.png
  artifactKey: Guid(d88f613db026e97428e87b5081f10378) Importer(815301076,1909f56bfc062723c751e8b465ee728b)
Start importing Assets/kenney_crosshair-pack/PNG/White/crosshair085.png using Guid(d88f613db026e97428e87b5081f10378) Importer(815301076,1909f56bfc062723c751e8b465ee728b)  -> (artifact id: 'f2d4f3f34e7c12e3fc397c8c16fefcaf') in 0.015672 seconds
Number of updated asset objects reloaded before import = 0
Number of asset objects unloaded after import = 2
========================================================================
Received Import Request.
  Time since last request: 0.350811 seconds.
  path: Assets/kenney_crosshair-pack/PNG/White/crosshair096.png
  artifactKey: Guid(4ce9aaedfe0941c4e8526487304de86c) Importer(815301076,1909f56bfc062723c751e8b465ee728b)
Start importing Assets/kenney_crosshair-pack/PNG/White/crosshair096.png using Guid(4ce9aaedfe0941c4e8526487304de86c) Importer(815301076,1909f56bfc062723c751e8b465ee728b)  -> (artifact id: '06678fd1fa1ad6ddee154b5798887d2e') in 0.028703 seconds
Number of updated asset objects reloaded before import = 0
Number of asset objects unloaded after import = 2
========================================================================
Received Import Request.
  Time since last request: 0.000012 seconds.
  path: Assets/kenney_crosshair-pack/PNG/White/crosshair105.png
  artifactKey: Guid(254ae4b3c1416ae4d96d78aee1f864f6) Importer(815301076,1909f56bfc062723c751e8b465ee728b)
Start importing Assets/kenney_crosshair-pack/PNG/White/crosshair105.png using Guid(254ae4b3c1416ae4d96d78aee1f864f6) Importer(815301076,1909f56bfc062723c751e8b465ee728b)  -> (artifact id: '259b45d59a16dc2c3485cbaeae672cd5') in 0.013947 seconds
Number of updated asset objects reloaded before import = 0
Number of asset objects unloaded after import = 2
========================================================================
Received Import Request.
  Time since last request: 0.000013 seconds.
  path: Assets/kenney_crosshair-pack/PNG/White/crosshair102.png
  artifactKey: Guid(214a72d0f57045d4a8c978389599c2ea) Importer(815301076,1909f56bfc062723c751e8b465ee728b)
Start importing Assets/kenney_crosshair-pack/PNG/White/crosshair102.png using Guid(214a72d0f57045d4a8c978389599c2ea) Importer(815301076,1909f56bfc062723c751e8b465ee728b)  -> (artifact id: '9707001c15546321d74cac388f08f13d') in 0.020077 seconds
Number of updated asset objects reloaded before import = 0
Number of asset objects unloaded after import = 2
========================================================================
Received Import Request.
  Time since last request: 0.277449 seconds.
  path: Assets/kenney_crosshair-pack/PNG/White/crosshair111.png
  artifactKey: Guid(d256d3f819e39e34a9b7501b6cc5c70d) Importer(815301076,1909f56bfc062723c751e8b465ee728b)
Start importing Assets/kenney_crosshair-pack/PNG/White/crosshair111.png using Guid(d256d3f819e39e34a9b7501b6cc5c70d) Importer(815301076,1909f56bfc062723c751e8b465ee728b)  -> (artifact id: '986cddbc458c3357540a05586bd92766') in 0.021018 seconds
Number of updated asset objects reloaded before import = 0
Number of asset objects unloaded after import = 2
========================================================================
Received Import Request.
  Time since last request: 0.000012 seconds.
  path: Assets/kenney_crosshair-pack/PNG/White/crosshair114.png
  artifactKey: Guid(d63eb4cdd58987947b1e8bb13b43942a) Importer(815301076,1909f56bfc062723c751e8b465ee728b)
Start importing Assets/kenney_crosshair-pack/PNG/White/crosshair114.png using Guid(d63eb4cdd58987947b1e8bb13b43942a) Importer(815301076,1909f56bfc062723c751e8b465ee728b)  -> (artifact id: 'b7970e921f1c9a16a4a54189b34fd904') in 0.015877 seconds
Number of updated asset objects reloaded before import = 0
Number of asset objects unloaded after import = 2
========================================================================
Received Import Request.
  Time since last request: 0.000012 seconds.
  path: Assets/kenney_crosshair-pack/PNG/White/crosshair113.png
  artifactKey: Guid(897b240c84080ef4cb8c4577dd170fdf) Importer(815301076,1909f56bfc062723c751e8b465ee728b)
Start importing Assets/kenney_crosshair-pack/PNG/White/crosshair113.png using Guid(897b240c84080ef4cb8c4577dd170fdf) Importer(815301076,1909f56bfc062723c751e8b465ee728b)  -> (artifact id: 'fc33356deeb64a5a6acf3e8bd289bb49') in 0.018786 seconds
Number of updated asset objects reloaded before import = 0
Number of asset objects unloaded after import = 2
========================================================================
Received Import Request.
  Time since last request: 0.000010 seconds.
  path: Assets/kenney_crosshair-pack/PNG/White/crosshair125.png
  artifactKey: Guid(399f8f8c24fab084d8e11c3057808bfe) Importer(815301076,1909f56bfc062723c751e8b465ee728b)
Start importing Assets/kenney_crosshair-pack/PNG/White/crosshair125.png using Guid(399f8f8c24fab084d8e11c3057808bfe) Importer(815301076,1909f56bfc062723c751e8b465ee728b)  -> (artifact id: '45373dc38b7e60f678f37fe871c7cba5') in 0.015498 seconds
Number of updated asset objects reloaded before import = 0
Number of asset objects unloaded after import = 2
========================================================================
Received Import Request.
  Time since last request: 0.000013 seconds.
  path: Assets/kenney_crosshair-pack/PNG/White/crosshair126.png
  artifactKey: Guid(15a8d0d6eafda0d48aab6ecf1393551f) Importer(815301076,1909f56bfc062723c751e8b465ee728b)
Start importing Assets/kenney_crosshair-pack/PNG/White/crosshair126.png using Guid(15a8d0d6eafda0d48aab6ecf1393551f) Importer(815301076,1909f56bfc062723c751e8b465ee728b)  -> (artifact id: 'aff064a7a87817d9b59b29d9c3403c0e') in 0.013558 seconds
Number of updated asset objects reloaded before import = 0
Number of asset objects unloaded after import = 2
========================================================================
Received Import Request.
  Time since last request: 0.000012 seconds.
  path: Assets/kenney_crosshair-pack/PNG/White/crosshair131.png
  artifactKey: Guid(d3669bfe60a5d224dbf329cf2fed9798) Importer(815301076,1909f56bfc062723c751e8b465ee728b)
Start importing Assets/kenney_crosshair-pack/PNG/White/crosshair131.png using Guid(d3669bfe60a5d224dbf329cf2fed9798) Importer(815301076,1909f56bfc062723c751e8b465ee728b)  -> (artifact id: '51e71be58290ff408bd7e5a3dbb6b0dd') in 0.015125 seconds
Number of updated asset objects reloaded before import = 0
Number of asset objects unloaded after import = 2
========================================================================
Received Import Request.
  Time since last request: 0.000011 seconds.
  path: Assets/kenney_crosshair-pack/PNG/White/crosshair134.png
  artifactKey: Guid(290a650d285a7084a9cf77bef39be66e) Importer(815301076,1909f56bfc062723c751e8b465ee728b)
Start importing Assets/kenney_crosshair-pack/PNG/White/crosshair134.png using Guid(290a650d285a7084a9cf77bef39be66e) Importer(815301076,1909f56bfc062723c751e8b465ee728b)  -> (artifact id: '5a97f99e734c5285cd876d6e2f084c9a') in 0.019068 seconds
Number of updated asset objects reloaded before import = 0
Number of asset objects unloaded after import = 2
========================================================================
Received Import Request.
  Time since last request: 0.456953 seconds.
  path: Assets/kenney_crosshair-pack/PNG/White/crosshair141.png
  artifactKey: Guid(1164acfc66f47af4eadc34c9a402f363) Importer(815301076,1909f56bfc062723c751e8b465ee728b)
Start importing Assets/kenney_crosshair-pack/PNG/White/crosshair141.png using Guid(1164acfc66f47af4eadc34c9a402f363) Importer(815301076,1909f56bfc062723c751e8b465ee728b)  -> (artifact id: '069dabf71e517e8f4e987dc3cf12ecb2') in 0.071657 seconds
Number of updated asset objects reloaded before import = 0
Number of asset objects unloaded after import = 2
========================================================================
Received Import Request.
  Time since last request: 0.000012 seconds.
  path: Assets/kenney_crosshair-pack/PNG/White/crosshair151.png
  artifactKey: Guid(6e669006097c5b843962d4f982fc8cc4) Importer(815301076,1909f56bfc062723c751e8b465ee728b)
Start importing Assets/kenney_crosshair-pack/PNG/White/crosshair151.png using Guid(6e669006097c5b843962d4f982fc8cc4) Importer(815301076,1909f56bfc062723c751e8b465ee728b)  -> (artifact id: '2de2aa52dc7134d03f6404972e32daad') in 0.027321 seconds
Number of updated asset objects reloaded before import = 0
Number of asset objects unloaded after import = 2
========================================================================
Received Import Request.
  Time since last request: 0.192088 seconds.
  path: Assets/kenney_crosshair-pack/PNG/White/crosshair156.png
  artifactKey: Guid(8c719727f9be92044a40188ba9b71b79) Importer(815301076,1909f56bfc062723c751e8b465ee728b)
Start importing Assets/kenney_crosshair-pack/PNG/White/crosshair156.png using Guid(8c719727f9be92044a40188ba9b71b79) Importer(815301076,1909f56bfc062723c751e8b465ee728b)  -> (artifact id: 'c29961387c557aea1e92bf3f8c32d53f') in 0.033320 seconds
Number of updated asset objects reloaded before import = 0
Number of asset objects unloaded after import = 2
========================================================================
Received Import Request.
  Time since last request: 0.000010 seconds.
  path: Assets/kenney_crosshair-pack/PNG/White/crosshair159.png
  artifactKey: Guid(6b4d849e27d012a4e8f375a3d56bd1b7) Importer(815301076,1909f56bfc062723c751e8b465ee728b)
Start importing Assets/kenney_crosshair-pack/PNG/White/crosshair159.png using Guid(6b4d849e27d012a4e8f375a3d56bd1b7) Importer(815301076,1909f56bfc062723c751e8b465ee728b)  -> (artifact id: 'cb5bfa8d410a1d4837b47a6027943862') in 0.014367 seconds
Number of updated asset objects reloaded before import = 0
Number of asset objects unloaded after import = 2
========================================================================
Received Import Request.
  Time since last request: 0.000010 seconds.
  path: Assets/kenney_crosshair-pack/PNG/White/crosshair162.png
  artifactKey: Guid(9fe64787372001f4a846756bd2e8c982) Importer(815301076,1909f56bfc062723c751e8b465ee728b)
Start importing Assets/kenney_crosshair-pack/PNG/White/crosshair162.png using Guid(9fe64787372001f4a846756bd2e8c982) Importer(815301076,1909f56bfc062723c751e8b465ee728b)  -> (artifact id: '10a16affbf104c5fc0cf30c5ed069928') in 0.014909 seconds
Number of updated asset objects reloaded before import = 0
Number of asset objects unloaded after import = 2
========================================================================
Received Import Request.
  Time since last request: 0.009681 seconds.
  path: Assets/kenney_crosshair-pack/PNG/White/crosshair170.png
  artifactKey: Guid(6caaac32e11d10a4881775c617693fb6) Importer(815301076,1909f56bfc062723c751e8b465ee728b)
Start importing Assets/kenney_crosshair-pack/PNG/White/crosshair170.png using Guid(6caaac32e11d10a4881775c617693fb6) Importer(815301076,1909f56bfc062723c751e8b465ee728b)  -> (artifact id: '8df1d84e787378fca9b7de0ac1651c4c') in 0.026170 seconds
Number of updated asset objects reloaded before import = 0
Number of asset objects unloaded after import = 2
========================================================================
Received Import Request.
  Time since last request: 0.000013 seconds.
  path: Assets/kenney_crosshair-pack/PNG/White/crosshair179.png
  artifactKey: Guid(962f0f5f934aaf14fa849831637c1da0) Importer(815301076,1909f56bfc062723c751e8b465ee728b)
Start importing Assets/kenney_crosshair-pack/PNG/White/crosshair179.png using Guid(962f0f5f934aaf14fa849831637c1da0) Importer(815301076,1909f56bfc062723c751e8b465ee728b)  -> (artifact id: '7eeebe9010a8b32627f366fa1391fcd4') in 0.020578 seconds
Number of updated asset objects reloaded before import = 0
Number of asset objects unloaded after import = 2
========================================================================
Received Import Request.
  Time since last request: 0.000021 seconds.
  path: Assets/kenney_crosshair-pack/PNG/White/crosshair175.png
  artifactKey: Guid(5cd8af7b5896b634e897c64dfc77a788) Importer(815301076,1909f56bfc062723c751e8b465ee728b)
Start importing Assets/kenney_crosshair-pack/PNG/White/crosshair175.png using Guid(5cd8af7b5896b634e897c64dfc77a788) Importer(815301076,1909f56bfc062723c751e8b465ee728b)  -> (artifact id: '36cb56bd631a170a66825623926a2bb5') in 0.034818 seconds
Number of updated asset objects reloaded before import = 0
Number of asset objects unloaded after import = 2
========================================================================
Received Import Request.
  Time since last request: 0.000010 seconds.
  path: Assets/kenney_crosshair-pack/PNG/White/crosshair188.png
  artifactKey: Guid(e5c78b49664185a45b3da1fd42aa719c) Importer(815301076,1909f56bfc062723c751e8b465ee728b)
Start importing Assets/kenney_crosshair-pack/PNG/White/crosshair188.png using Guid(e5c78b49664185a45b3da1fd42aa719c) Importer(815301076,1909f56bfc062723c751e8b465ee728b)  -> (artifact id: '34ab1287aa783f412e9f4d5ad1ea9a33') in 0.016450 seconds
Number of updated asset objects reloaded before import = 0
Number of asset objects unloaded after import = 2
========================================================================
Received Import Request.
  Time since last request: 0.000013 seconds.
  path: Assets/kenney_crosshair-pack/PNG/White/crosshair184.png
  artifactKey: Guid(857b1aa6c56ac0147a33f75c5b012d56) Importer(815301076,1909f56bfc062723c751e8b465ee728b)
Start importing Assets/kenney_crosshair-pack/PNG/White/crosshair184.png using Guid(857b1aa6c56ac0147a33f75c5b012d56) Importer(815301076,1909f56bfc062723c751e8b465ee728b)  -> (artifact id: 'd9db198bca23375c967979a6343dd951') in 0.012621 seconds
Number of updated asset objects reloaded before import = 0
Number of asset objects unloaded after import = 2
========================================================================
Received Import Request.
  Time since last request: 0.000015 seconds.
  path: Assets/kenney_crosshair-pack/PNG/White/crosshair173.png
  artifactKey: Guid(4ca561b5b24e0b74397bff807c903f5b) Importer(815301076,1909f56bfc062723c751e8b465ee728b)
Start importing Assets/kenney_crosshair-pack/PNG/White/crosshair173.png using Guid(4ca561b5b24e0b74397bff807c903f5b) Importer(815301076,1909f56bfc062723c751e8b465ee728b)  -> (artifact id: 'e40e704ba073a0a55f6c1fd289e9c020') in 0.033081 seconds
Number of updated asset objects reloaded before import = 0
Number of asset objects unloaded after import = 2
Editor requested this worker to shutdown with reason: Scaling down because of idle timeout
TcpMessagingSession - receive error: operation aborted. errorcode: 995, details: The I/O operation has been aborted because of either a thread exit or an application request.
AssetImportWorker is now disconnected from the server
Process exiting
Exiting without the bug reporter. Application will terminate with return code 0