Using pre-set license
Built from '2022.3/staging' branch; Version is '2022.3.8f1 (b5eafc012955) revision 11922172'; Using compiler version '192829333'; Build Type 'Release'
OS: 'Windows 11  (10.0.22621) 64bit Core' Language: 'en' Physical Memory: 16197 MB
BatchMode: 1, IsHumanControllingUs: 0, StartBugReporterOnCrash: 0, Is64bit: 1, IsPro: 1

COMMAND LINE ARGUMENTS:
C:\Program Files\Unity\Hub\Editor\2022.3.8f1\Editor\Unity.exe
-adb2
-batchMode
-noUpm
-name
AssetImportWorker6
-projectPath
C:/Users/tdrob/OneDrive/Desktop/Final/Robbins-3258-Final/Robbins-3258-Final
-logFile
Logs/AssetImportWorker6.log
-srvPort
63654
Successfully changed project path to: C:/Users/tdrob/OneDrive/Desktop/Final/Robbins-3258-Final/Robbins-3258-Final
C:/Users/tdrob/OneDrive/Desktop/Final/Robbins-3258-Final/Robbins-3258-Final
[UnityMemory] Configuration Parameters - Can be set up in boot.config
    "memorysetup-bucket-allocator-granularity=16"
    "memorysetup-bucket-allocator-bucket-count=8"
    "memorysetup-bucket-allocator-block-size=33554432"
    "memorysetup-bucket-allocator-block-count=8"
    "memorysetup-main-allocator-block-size=16777216"
    "memorysetup-thread-allocator-block-size=16777216"
    "memorysetup-gfx-main-allocator-block-size=16777216"
    "memorysetup-gfx-thread-allocator-block-size=16777216"
    "memorysetup-cache-allocator-block-size=4194304"
    "memorysetup-typetree-allocator-block-size=2097152"
    "memorysetup-profiler-bucket-allocator-granularity=16"
    "memorysetup-profiler-bucket-allocator-bucket-count=8"
    "memorysetup-profiler-bucket-allocator-block-size=33554432"
    "memorysetup-profiler-bucket-allocator-block-count=8"
    "memorysetup-profiler-allocator-block-size=16777216"
    "memorysetup-profiler-editor-allocator-block-size=1048576"
    "memorysetup-temp-allocator-size-main=16777216"
    "memorysetup-job-temp-allocator-block-size=2097152"
    "memorysetup-job-temp-allocator-block-size-background=1048576"
    "memorysetup-job-temp-allocator-reduction-small-platforms=262144"
    "memorysetup-allocator-temp-initial-block-size-main=262144"
    "memorysetup-allocator-temp-initial-block-size-worker=262144"
    "memorysetup-temp-allocator-size-background-worker=32768"
    "memorysetup-temp-allocator-size-job-worker=262144"
    "memorysetup-temp-allocator-size-preload-manager=33554432"
    "memorysetup-temp-allocator-size-nav-mesh-worker=65536"
    "memorysetup-temp-allocator-size-audio-worker=65536"
    "memorysetup-temp-allocator-size-cloud-worker=32768"
    "memorysetup-temp-allocator-size-gi-baking-worker=262144"
    "memorysetup-temp-allocator-size-gfx=262144"
Player connection [33708] Host "[IP] 10.20.69.219 [Port] 0 [Flags] 2 [Guid] 587271835 [EditorId] 587271835 [Version] 1048832 [Id] WindowsEditor(7,DESKTOP-5FQVVIP) [Debug] 1 [PackageName] WindowsEditor [ProjectName] Editor" joined multi-casting on [225.0.0.222:54997]...

Player connection [33708] Host "[IP] 10.20.69.219 [Port] 0 [Flags] 2 [Guid] 587271835 [EditorId] 587271835 [Version] 1048832 [Id] WindowsEditor(7,DESKTOP-5FQVVIP) [Debug] 1 [PackageName] WindowsEditor [ProjectName] Editor" joined alternative multi-casting on [225.0.0.222:34997]...

[Physics::Module] Initialized MultithreadedJobDispatcher with 19 workers.
Refreshing native plugins compatible for Editor in 18.74 ms, found 3 plugins.
Preloading 0 native plugins for Editor in 0.00 ms.
Initialize engine version: 2022.3.8f1 (b5eafc012955)
[Subsystems] Discovering subsystems at path C:/Program Files/Unity/Hub/Editor/2022.3.8f1/Editor/Data/Resources/UnitySubsystems
[Subsystems] Discovering subsystems at path C:/Users/tdrob/OneDrive/Desktop/Final/Robbins-3258-Final/Robbins-3258-Final/Assets
GfxDevice: creating device client; threaded=0; jobified=0
Direct3D:
    Version:  Direct3D 11.0 [level 11.1]
    Renderer: NVIDIA GeForce RTX 3070 (ID=0x2488)
    Vendor:   NVIDIA
    VRAM:     8032 MB
    Driver:   31.0.15.4601
Initialize mono
Mono path[0] = 'C:/Program Files/Unity/Hub/Editor/2022.3.8f1/Editor/Data/Managed'
Mono path[1] = 'C:/Program Files/Unity/Hub/Editor/2022.3.8f1/Editor/Data/MonoBleedingEdge/lib/mono/unityjit-win32'
Mono config path = 'C:/Program Files/Unity/Hub/Editor/2022.3.8f1/Editor/Data/MonoBleedingEdge/etc'
Using monoOptions --debugger-agent=transport=dt_socket,embedding=1,server=y,suspend=n,address=127.0.0.1:56856
Begin MonoManager ReloadAssembly
Registering precompiled unity dll's ...
Register platform support module: C:/Program Files/Unity/Hub/Editor/2022.3.8f1/Editor/Data/PlaybackEngines/WindowsStandaloneSupport/UnityEditor.WindowsStandalone.Extensions.dll
Registered in 0.005264 seconds.
- Loaded All Assemblies, in  0.247 seconds
Native extension for WindowsStandalone target not found
Mono: successfully reloaded assembly
- Finished resetting the current domain, in  0.159 seconds
Domain Reload Profiling: 405ms
	BeginReloadAssembly (101ms)
		ExecutionOrderSort (0ms)
		DisableScriptedObjects (0ms)
		BackupInstance (0ms)
		ReleaseScriptingObjects (0ms)
		CreateAndSetChildDomain (1ms)
	RebuildCommonClasses (20ms)
	RebuildNativeTypeToScriptingClass (6ms)
	initialDomainReloadingComplete (36ms)
	LoadAllAssembliesAndSetupDomain (82ms)
		LoadAssemblies (99ms)
		RebuildTransferFunctionScriptingTraits (0ms)
		AnalyzeDomain (81ms)
			TypeCache.Refresh (80ms)
				TypeCache.ScanAssembly (72ms)
			ScanForSourceGeneratedMonoScriptInfo (0ms)
			ResolveRequiredComponents (0ms)
	FinalizeReload (159ms)
		ReleaseScriptCaches (0ms)
		RebuildScriptCaches (0ms)
		SetupLoadedEditorAssemblies (121ms)
			LogAssemblyErrors (0ms)
			InitializePlatformSupportModulesInManaged (6ms)
			SetLoadedEditorAssemblies (5ms)
			RefreshPlugins (0ms)
			BeforeProcessingInitializeOnLoad (1ms)
			ProcessInitializeOnLoadAttributes (78ms)
			ProcessInitializeOnLoadMethodAttributes (30ms)
			AfterProcessingInitializeOnLoad (0ms)
			EditorAssembliesLoaded (0ms)
		ExecutionOrderSort2 (0ms)
		AwakeInstancesAfterBackupRestoration (0ms)
========================================================================
Worker process is ready to serve import requests
Begin MonoManager ReloadAssembly
- Loaded All Assemblies, in  0.635 seconds
Refreshing native plugins compatible for Editor in 1.52 ms, found 3 plugins.
Native extension for WindowsStandalone target not found
Package Manager log level set to [2]
[Package Manager] Server::EnsureServerProcessIsRunning -- launch failed, reason: Unity was launched with the -noUpm command-line argument
[Package Manager] UpmClient::Send -- Unable to send message (not connected to UPM process).
[Package Manager] Cannot connect to Unity Package Manager local server
Mono: successfully reloaded assembly
- Finished resetting the current domain, in  0.390 seconds
Domain Reload Profiling: 1025ms
	BeginReloadAssembly (96ms)
		ExecutionOrderSort (0ms)
		DisableScriptedObjects (4ms)
		BackupInstance (0ms)
		ReleaseScriptingObjects (0ms)
		CreateAndSetChildDomain (13ms)
	RebuildCommonClasses (19ms)
	RebuildNativeTypeToScriptingClass (6ms)
	initialDomainReloadingComplete (24ms)
	LoadAllAssembliesAndSetupDomain (488ms)
		LoadAssemblies (438ms)
		RebuildTransferFunctionScriptingTraits (0ms)
		AnalyzeDomain (100ms)
			TypeCache.Refresh (87ms)
				TypeCache.ScanAssembly (78ms)
			ScanForSourceGeneratedMonoScriptInfo (8ms)
			ResolveRequiredComponents (2ms)
	FinalizeReload (391ms)
		ReleaseScriptCaches (0ms)
		RebuildScriptCaches (0ms)
		SetupLoadedEditorAssemblies (306ms)
			LogAssemblyErrors (0ms)
			InitializePlatformSupportModulesInManaged (4ms)
			SetLoadedEditorAssemblies (3ms)
			RefreshPlugins (0ms)
			BeforeProcessingInitializeOnLoad (60ms)
			ProcessInitializeOnLoadAttributes (224ms)
			ProcessInitializeOnLoadMethodAttributes (12ms)
			AfterProcessingInitializeOnLoad (4ms)
			EditorAssembliesLoaded (0ms)
		ExecutionOrderSort2 (0ms)
		AwakeInstancesAfterBackupRestoration (4ms)
Launched and connected shader compiler UnityShaderCompiler.exe after 0.02 seconds
Refreshing native plugins compatible for Editor in 2.35 ms, found 3 plugins.
Preloading 0 native plugins for Editor in 0.00 ms.
Unloading 3071 Unused Serialized files (Serialized files now loaded: 0)
Unloading 31 unused Assets / (56.3 KB). Loaded Objects now: 3533.
Memory consumption went from 116.9 MB to 116.9 MB.
Total: 1.773100 ms (FindLiveObjects: 0.120900 ms CreateObjectMapping: 0.048600 ms MarkObjects: 1.539500 ms  DeleteObjects: 0.063300 ms)

AssetImportParameters requested are different than current active one (requested -> active):
  custom:container-demuxer-ogg: 62fdf1f143b41e24485cea50d1cbac27 -> 
  custom:video-decoder-ogg-theora: a1e56fd34408186e4bbccfd4996cb3dc -> 
  custom:framework-win-MediaFoundation: 216162199b28c13a410421893ffa2e32 -> 
  custom:CustomObjectIndexerAttribute: 756ad292c208cfabdd7b50bc23989ffe -> 
  custom:container-demuxer-webm: 4f35f7cbe854078d1ac9338744f61a02 -> 
  custom:container-muxer-webm: aa71ff27fc2769a1b78a27578f13a17b -> 
  custom:video-decoder-webm-vp8: 9c59270c3fd7afecdb556c50c9e8de78 -> 
  custom:SearchIndexIgnoredProperties: e643bd26f0fe6173181afceb89e7c659 -> 
  custom:AudioImporter_EditorPlatform: d09bf68614088b80899f8185d706f6e7 -> 
  custom:video-encoder-webm-vp8: eb34c28f22e8b96e1ab97ce403110664 -> 
  custom:audio-decoder-ogg-vorbis: bf7c407c2cedff20999df2af8eb42d56 -> 
  custom:audio-encoder-webm-vorbis: bf7c407c2cedff20999df2af8eb42d56 -> 
========================================================================
Received Import Request.
  Time since last request: 845838.500480 seconds.
  path: Assets/kenney_crosshair-pack/PNG/White/crosshair064.png
  artifactKey: Guid(e16e553c9aca46e4580aaf31b9a03350) Importer(815301076,1909f56bfc062723c751e8b465ee728b)
Start importing Assets/kenney_crosshair-pack/PNG/White/crosshair064.png using Guid(e16e553c9aca46e4580aaf31b9a03350) Importer(815301076,1909f56bfc062723c751e8b465ee728b)  -> (artifact id: '99d6105067a9afde6d49f23e9249e9d4') in 0.051394 seconds
Number of updated asset objects reloaded before import = 0
Number of asset objects unloaded after import = 2
========================================================================
Received Import Request.
  Time since last request: 0.000014 seconds.
  path: Assets/kenney_crosshair-pack/PNG/White/crosshair074.png
  artifactKey: Guid(85079ef05548962488e3a9efc2a9700e) Importer(815301076,1909f56bfc062723c751e8b465ee728b)
Start importing Assets/kenney_crosshair-pack/PNG/White/crosshair074.png using Guid(85079ef05548962488e3a9efc2a9700e) Importer(815301076,1909f56bfc062723c751e8b465ee728b)  -> (artifact id: 'ed4cf9d71bd953764a3c4ba53a497ded') in 0.025142 seconds
Number of updated asset objects reloaded before import = 0
Number of asset objects unloaded after import = 2
========================================================================
Received Import Request.
  Time since last request: 0.422285 seconds.
  path: Assets/kenney_crosshair-pack/PNG/White/crosshair079.png
  artifactKey: Guid(0908676eced2f2c4e8ae812749b63dd1) Importer(815301076,1909f56bfc062723c751e8b465ee728b)
Start importing Assets/kenney_crosshair-pack/PNG/White/crosshair079.png using Guid(0908676eced2f2c4e8ae812749b63dd1) Importer(815301076,1909f56bfc062723c751e8b465ee728b)  -> (artifact id: 'd26102661e21306d6f115b6b1f62b68b') in 0.022142 seconds
Number of updated asset objects reloaded before import = 0
Number of asset objects unloaded after import = 2
========================================================================
Received Import Request.
  Time since last request: 0.000012 seconds.
  path: Assets/kenney_crosshair-pack/PNG/White/crosshair082.png
  artifactKey: Guid(124cb550fda1bf74e8afd35bff6bcc8b) Importer(815301076,1909f56bfc062723c751e8b465ee728b)
Start importing Assets/kenney_crosshair-pack/PNG/White/crosshair082.png using Guid(124cb550fda1bf74e8afd35bff6bcc8b) Importer(815301076,1909f56bfc062723c751e8b465ee728b)  -> (artifact id: '408a56b8d49c3557da003e1fb8e415be') in 0.025486 seconds
Number of updated asset objects reloaded before import = 0
Number of asset objects unloaded after import = 2
========================================================================
Received Import Request.
  Time since last request: 0.000012 seconds.
  path: Assets/kenney_crosshair-pack/PNG/White/crosshair086.png
  artifactKey: Guid(60610a6444299954c9f3ca9a5640f2a4) Importer(815301076,1909f56bfc062723c751e8b465ee728b)
Start importing Assets/kenney_crosshair-pack/PNG/White/crosshair086.png using Guid(60610a6444299954c9f3ca9a5640f2a4) Importer(815301076,1909f56bfc062723c751e8b465ee728b)  -> (artifact id: 'fc7719af8ade96624602e198629d0fa1') in 0.018534 seconds
Number of updated asset objects reloaded before import = 0
Number of asset objects unloaded after import = 2
========================================================================
Received Import Request.
  Time since last request: 0.352433 seconds.
  path: Assets/kenney_crosshair-pack/PNG/White/crosshair094.png
  artifactKey: Guid(6bbe6e0ccc9f33e4f934918a5135bb58) Importer(815301076,1909f56bfc062723c751e8b465ee728b)
Start importing Assets/kenney_crosshair-pack/PNG/White/crosshair094.png using Guid(6bbe6e0ccc9f33e4f934918a5135bb58) Importer(815301076,1909f56bfc062723c751e8b465ee728b)  -> (artifact id: '91526ce38fa7bec7d10a9ba262f44c80') in 0.031838 seconds
Number of updated asset objects reloaded before import = 0
Number of asset objects unloaded after import = 2
========================================================================
Received Import Request.
  Time since last request: 0.000016 seconds.
  path: Assets/kenney_crosshair-pack/PNG/White/crosshair101.png
  artifactKey: Guid(3d4bd410a229a344290173658104d077) Importer(815301076,1909f56bfc062723c751e8b465ee728b)
Start importing Assets/kenney_crosshair-pack/PNG/White/crosshair101.png using Guid(3d4bd410a229a344290173658104d077) Importer(815301076,1909f56bfc062723c751e8b465ee728b)  -> (artifact id: '5c9952a2262ed2ecf0b05a56e16f48ce') in 0.021912 seconds
Number of updated asset objects reloaded before import = 0
Number of asset objects unloaded after import = 2
========================================================================
Received Import Request.
  Time since last request: 0.000013 seconds.
  path: Assets/kenney_crosshair-pack/PNG/White/crosshair098.png
  artifactKey: Guid(d6643d07c4bad4f4c8a0d02075eb45d0) Importer(815301076,1909f56bfc062723c751e8b465ee728b)
Start importing Assets/kenney_crosshair-pack/PNG/White/crosshair098.png using Guid(d6643d07c4bad4f4c8a0d02075eb45d0) Importer(815301076,1909f56bfc062723c751e8b465ee728b)  -> (artifact id: 'fb41299d7345e67cff0187bb6ec20a37') in 0.017293 seconds
Number of updated asset objects reloaded before import = 0
Number of asset objects unloaded after import = 2
========================================================================
Received Import Request.
  Time since last request: 0.270071 seconds.
  path: Assets/kenney_crosshair-pack/PNG/White/crosshair109.png
  artifactKey: Guid(311a1fed04ac3524eb1bdad34e9eff7b) Importer(815301076,1909f56bfc062723c751e8b465ee728b)
Start importing Assets/kenney_crosshair-pack/PNG/White/crosshair109.png using Guid(311a1fed04ac3524eb1bdad34e9eff7b) Importer(815301076,1909f56bfc062723c751e8b465ee728b)  -> (artifact id: 'be3c13b80fdf86ea7d8615a88231b4f5') in 0.031250 seconds
Number of updated asset objects reloaded before import = 0
Number of asset objects unloaded after import = 2
========================================================================
Received Import Request.
  Time since last request: 0.000012 seconds.
  path: Assets/kenney_crosshair-pack/PNG/White/crosshair118.png
  artifactKey: Guid(12fc59ce6b07c284a8dc47f6de62b5af) Importer(815301076,1909f56bfc062723c751e8b465ee728b)
Start importing Assets/kenney_crosshair-pack/PNG/White/crosshair118.png using Guid(12fc59ce6b07c284a8dc47f6de62b5af) Importer(815301076,1909f56bfc062723c751e8b465ee728b)  -> (artifact id: '3081a9bb65faf2d2ebc8c250f3c7ea51') in 0.037351 seconds
Number of updated asset objects reloaded before import = 0
Number of asset objects unloaded after import = 2
========================================================================
Received Import Request.
  Time since last request: 0.000011 seconds.
  path: Assets/kenney_crosshair-pack/PNG/White/crosshair127.png
  artifactKey: Guid(36a4e22231f53504699ee6adf638b0e8) Importer(815301076,1909f56bfc062723c751e8b465ee728b)
Start importing Assets/kenney_crosshair-pack/PNG/White/crosshair127.png using Guid(36a4e22231f53504699ee6adf638b0e8) Importer(815301076,1909f56bfc062723c751e8b465ee728b)  -> (artifact id: 'bd8bde74a7278977d34d076c02ce8a7f') in 0.030567 seconds
Number of updated asset objects reloaded before import = 0
Number of asset objects unloaded after import = 2
========================================================================
Received Import Request.
  Time since last request: 0.000012 seconds.
  path: Assets/kenney_crosshair-pack/PNG/White/crosshair132.png
  artifactKey: Guid(43eecaea4f2259d44a0b99f9f58e28b2) Importer(815301076,1909f56bfc062723c751e8b465ee728b)
Start importing Assets/kenney_crosshair-pack/PNG/White/crosshair132.png using Guid(43eecaea4f2259d44a0b99f9f58e28b2) Importer(815301076,1909f56bfc062723c751e8b465ee728b)  -> (artifact id: '107ac85bd66a086dce89ad8a58036d45') in 0.024743 seconds
Number of updated asset objects reloaded before import = 0
Number of asset objects unloaded after import = 2
========================================================================
Received Import Request.
  Time since last request: 0.453072 seconds.
  path: Assets/kenney_crosshair-pack/PNG/White/crosshair139.png
  artifactKey: Guid(ffe77d168e2e4f24d8644acc23794757) Importer(815301076,1909f56bfc062723c751e8b465ee728b)
Start importing Assets/kenney_crosshair-pack/PNG/White/crosshair139.png using Guid(ffe77d168e2e4f24d8644acc23794757) Importer(815301076,1909f56bfc062723c751e8b465ee728b)  -> (artifact id: '14a32668075746028242aaef559176d1') in 0.041505 seconds
Number of updated asset objects reloaded before import = 0
Number of asset objects unloaded after import = 2
========================================================================
Received Import Request.
  Time since last request: 0.000013 seconds.
  path: Assets/kenney_crosshair-pack/PNG/White/crosshair143.png
  artifactKey: Guid(a53f3fbe406308f448ca32cbd98407b5) Importer(815301076,1909f56bfc062723c751e8b465ee728b)
Start importing Assets/kenney_crosshair-pack/PNG/White/crosshair143.png using Guid(a53f3fbe406308f448ca32cbd98407b5) Importer(815301076,1909f56bfc062723c751e8b465ee728b)  -> (artifact id: '1b33acdc7caf2bcef3545e15ba492264') in 0.026568 seconds
Number of updated asset objects reloaded before import = 0
Number of asset objects unloaded after import = 2
========================================================================
Received Import Request.
  Time since last request: 0.000012 seconds.
  path: Assets/kenney_crosshair-pack/PNG/White/crosshair148.png
  artifactKey: Guid(e4dd26dadbd1d364e9f929d68fe97c8e) Importer(815301076,1909f56bfc062723c751e8b465ee728b)
Start importing Assets/kenney_crosshair-pack/PNG/White/crosshair148.png using Guid(e4dd26dadbd1d364e9f929d68fe97c8e) Importer(815301076,1909f56bfc062723c751e8b465ee728b)  -> (artifact id: 'cea114b6428a26b7f9f2d5c01c4a252a') in 0.019379 seconds
Number of updated asset objects reloaded before import = 0
Number of asset objects unloaded after import = 2
========================================================================
Received Import Request.
  Time since last request: 0.203159 seconds.
  path: Assets/kenney_crosshair-pack/PNG/White/crosshair154.png
  artifactKey: Guid(c76762f53021c0745a5d552398b45367) Importer(815301076,1909f56bfc062723c751e8b465ee728b)
Start importing Assets/kenney_crosshair-pack/PNG/White/crosshair154.png using Guid(c76762f53021c0745a5d552398b45367) Importer(815301076,1909f56bfc062723c751e8b465ee728b)  -> (artifact id: '94051b96d5ce27885b605ba66ed176c3') in 0.034264 seconds
Number of updated asset objects reloaded before import = 0
Number of asset objects unloaded after import = 2
========================================================================
Received Import Request.
  Time since last request: 0.000012 seconds.
  path: Assets/kenney_crosshair-pack/PNG/White/crosshair158.png
  artifactKey: Guid(e3db98110a37dc64cb03ab00947af7bb) Importer(815301076,1909f56bfc062723c751e8b465ee728b)
Start importing Assets/kenney_crosshair-pack/PNG/White/crosshair158.png using Guid(e3db98110a37dc64cb03ab00947af7bb) Importer(815301076,1909f56bfc062723c751e8b465ee728b)  -> (artifact id: '7547793e2864852f82977daacbe2eac8') in 0.029288 seconds
Number of updated asset objects reloaded before import = 0
Number of asset objects unloaded after import = 2
========================================================================
Received Import Request.
  Time since last request: 0.000011 seconds.
  path: Assets/kenney_crosshair-pack/PNG/White/crosshair163.png
  artifactKey: Guid(d4a37686902bf9b418d90443f06b8f10) Importer(815301076,1909f56bfc062723c751e8b465ee728b)
Start importing Assets/kenney_crosshair-pack/PNG/White/crosshair163.png using Guid(d4a37686902bf9b418d90443f06b8f10) Importer(815301076,1909f56bfc062723c751e8b465ee728b)  -> (artifact id: 'e0a1284ba63dc8c2a1e8baae1bdadddf') in 0.012044 seconds
Number of updated asset objects reloaded before import = 0
Number of asset objects unloaded after import = 2
========================================================================
Received Import Request.
  Time since last request: 0.000011 seconds.
  path: Assets/kenney_crosshair-pack/PNG/White/crosshair171.png
  artifactKey: Guid(70848fb285d4e814586b08d2132c8528) Importer(815301076,1909f56bfc062723c751e8b465ee728b)
Start importing Assets/kenney_crosshair-pack/PNG/White/crosshair171.png using Guid(70848fb285d4e814586b08d2132c8528) Importer(815301076,1909f56bfc062723c751e8b465ee728b)  -> (artifact id: '7522050f8f0b6de6167c2a7d8f2f79ae') in 0.017910 seconds
Number of updated asset objects reloaded before import = 0
Number of asset objects unloaded after import = 2
========================================================================
Received Import Request.
  Time since last request: 0.000013 seconds.
  path: Assets/kenney_crosshair-pack/PNG/White/crosshair176.png
  artifactKey: Guid(e408b3bb6fd2e3b4a8734b5448c963d7) Importer(815301076,1909f56bfc062723c751e8b465ee728b)
Start importing Assets/kenney_crosshair-pack/PNG/White/crosshair176.png using Guid(e408b3bb6fd2e3b4a8734b5448c963d7) Importer(815301076,1909f56bfc062723c751e8b465ee728b)  -> (artifact id: '59a216272849889facffc99cace0141a') in 0.015462 seconds
Number of updated asset objects reloaded before import = 0
Number of asset objects unloaded after import = 2
========================================================================
Received Import Request.
  Time since last request: 0.000018 seconds.
  path: Assets/kenney_crosshair-pack/PNG/White/crosshair178.png
  artifactKey: Guid(ecedd1a58954f0546a9d248c4ca8dc5f) Importer(815301076,1909f56bfc062723c751e8b465ee728b)
Start importing Assets/kenney_crosshair-pack/PNG/White/crosshair178.png using Guid(ecedd1a58954f0546a9d248c4ca8dc5f) Importer(815301076,1909f56bfc062723c751e8b465ee728b)  -> (artifact id: 'a59876d91da448b80b37b568910187d0') in 0.020092 seconds
Number of updated asset objects reloaded before import = 0
Number of asset objects unloaded after import = 2
========================================================================
Received Import Request.
  Time since last request: 0.000010 seconds.
  path: Assets/kenney_crosshair-pack/PNG/White/crosshair192.png
  artifactKey: Guid(f7442284e0656dc4196a6be09acf3d66) Importer(815301076,1909f56bfc062723c751e8b465ee728b)
Start importing Assets/kenney_crosshair-pack/PNG/White/crosshair192.png using Guid(f7442284e0656dc4196a6be09acf3d66) Importer(815301076,1909f56bfc062723c751e8b465ee728b)  -> (artifact id: 'f398fc446d1ec092de18a9421c1a72be') in 0.035164 seconds
Number of updated asset objects reloaded before import = 0
Number of asset objects unloaded after import = 2
========================================================================
Received Import Request.
  Time since last request: 0.000012 seconds.
  path: Assets/kenney_crosshair-pack/PNG/White/crosshair187.png
  artifactKey: Guid(432e5ecd79fcc1c409292bea4886dbe7) Importer(815301076,1909f56bfc062723c751e8b465ee728b)
Start importing Assets/kenney_crosshair-pack/PNG/White/crosshair187.png using Guid(432e5ecd79fcc1c409292bea4886dbe7) Importer(815301076,1909f56bfc062723c751e8b465ee728b)  -> (artifact id: 'f53fedd0cec560610496069fe87741b6') in 0.023335 seconds
Number of updated asset objects reloaded before import = 0
Number of asset objects unloaded after import = 2
========================================================================
Received Import Request.
  Time since last request: 0.000011 seconds.
  path: Assets/kenney_crosshair-pack/PNG/White/crosshair189.png
  artifactKey: Guid(c3938330839d14342b801f55ab0cd8b3) Importer(815301076,1909f56bfc062723c751e8b465ee728b)
Start importing Assets/kenney_crosshair-pack/PNG/White/crosshair189.png using Guid(c3938330839d14342b801f55ab0cd8b3) Importer(815301076,1909f56bfc062723c751e8b465ee728b)  -> (artifact id: 'ada915b95a84df918e6eefbb19cdb1aa') in 0.028707 seconds
Number of updated asset objects reloaded before import = 0
Number of asset objects unloaded after import = 2
========================================================================
Received Import Request.
  Time since last request: 0.073568 seconds.
  path: Assets/kenney_crosshair-pack/PNG/White/crosshair199.png
  artifactKey: Guid(26d935bfbdcda67408d51cd7a6c93b9e) Importer(815301076,1909f56bfc062723c751e8b465ee728b)
Start importing Assets/kenney_crosshair-pack/PNG/White/crosshair199.png using Guid(26d935bfbdcda67408d51cd7a6c93b9e) Importer(815301076,1909f56bfc062723c751e8b465ee728b)  -> (artifact id: 'ffbdf9f44cf576b9924d28a2088896f7') in 0.013452 seconds
Number of updated asset objects reloaded before import = 0
Number of asset objects unloaded after import = 2
Editor requested this worker to shutdown with reason: Scaling down because of idle timeout
TcpMessagingSession - receive error: operation aborted. errorcode: 995, details: The I/O operation has been aborted because of either a thread exit or an application request.
AssetImportWorker is now disconnected from the server
Process exiting
Exiting without the bug reporter. Application will terminate with return code 0